Microsoft (R) Macro Assembler Version 6.14.8444		    02/19/23 15:50:20
Button.asm						     Page 1 - 1


				.386

 = 1000				RomSize    EQU   4096

 0000				Code       segment use16
				           assume cs:Code,ds:Code,es:Code

				           ;Образы десятичных цифр от 0 до 9
 0000 3F 0C 76 5E 4D 5B		Image      db    03Fh,00Ch,076h,05Eh,04Dh,05Bh,07Bh,00Eh,07Fh,05Fh
       7B 0E 7F 5F

 000A				Start:
 000A  B8 ---- R		           mov   ax,Code
 000D  8E D8			           mov   ds,ax
 000F  8E C0			           mov   es,ax
				;Здесь размещается код программы

 0011  32 C9			           xor   cl,cl       ;cl - счётчик числа нажатий в формате BCD
 0013  8D 1E 0000 R		           lea   bx,Image    ;bx - указатель на массив образов
 0017  8A 07			           mov   al,[bx]     ;Выводим нули на индикаторы
 0019  E6 00			           out   0,al
 001B  E6 01			           out   1,al
				           
 001D				WaitBtnDown:
 001D  E4 00			           in    al,0        ;Ждём нажатия кнопки
 001F  A8 01			           test  al,1
 0021  75 FA			           jnz   WaitBtnDown
 0023				WaitBtnUp:
 0023  E4 00			           in    al,0        ;Ждём отпускания кнопки
 0025  A8 01			           test  al,1
 0027  74 FA			           jz    WaitBtnUp
				           
 0029  8A C1			           mov   al,cl       ;Инкрементируем счётчик числа нажатий
 002B  04 01			           add   al,1
 002D  27			           daa               ;Считаем в двоично-десятичном коде!
 002E  8A C8			           mov   cl,al
				           
 0030  8A E0			           mov   ah,al       ;Теперь выводим число нажатий на индикаторы
 0032  24 0F			           and   al,0Fh
 0034  D7			           xlat
 0035  E6 00			           out   0,al
 0037  8A C4			           mov   al,ah
 0039  C0 E8 04			           shr   al,4
 003C  D7			           xlat
 003D  E6 01			           out   1,al
				           
 003F  EB DC			           jmp   WaitBtnDown ;И начинаем всё заново

				;В следующей строке необходимо указать смещение стартовой точки
				           org   RomSize-16
				           assume cs:nothing
 0FF0  EA ---- 000A R		           jmp   Far Ptr Start
 0FF5				Code       ends
				end
Microsoft (R) Macro Assembler Version 6.14.8444		    02/19/23 15:50:20
Button.asm						     Symbols 2 - 1




Segments and Groups:

                N a m e                 Size     Length   Align   Combine Class

Code . . . . . . . . . . . . . .	16 Bit	 0FF5	  Para	  Private 


Symbols:

                N a m e                 Type     Value    Attr

Image  . . . . . . . . . . . . .	Byte	 0000	  Code	
RomSize  . . . . . . . . . . . .	Number	 1000h	 
Start  . . . . . . . . . . . . .	L Near	 000A	  Code	
WaitBtnDown  . . . . . . . . . .	L Near	 001D	  Code	
WaitBtnUp  . . . . . . . . . . .	L Near	 0023	  Code	

	   0 Warnings
	   0 Errors
