BUILD: Computing Include file dependencies:
BUILD: Examining e:\work\vc\demis2k\directbeep directory for files to compile.
Compiling e:\work\vc\demis2k\directbeep directory ********************
'nmake.exe /c BUILDMSG=Stop. -i NTTEST= UMTEST= NOLINK=1 NOPASS0=1 386=1'
cl -nologo -Ii386\ -I. -Id:\98ddk\inc -Id:\98ddk\inc\win98 -Id:\98ddk\inc\win98 -Id:\98ddk\inc\win98 -D_X86_=1 -Di386=1  -DSTD_CALL -DCONDITION_HANDLING=1 -DNT_UP=1  -DNT_INST=0 -DWIN32=100 -D_NT1X_=100 -DWINNT=1 -D_WIN32_WINNT=0x0400    -DWIN32_LEAN_AND_MEAN=1 -DDEVL=1 -DFPO=1    -DNDEBUG -D_DLL=1 -DDRIVER    /c /Zel /Zp8 /Gy -cbstring /W3 /Gz  /QIfdiv- /QIf  /Gi- /Gm- /GX- /GR- /GF   /Oxs /Oy   -FId:\98ddk\inc\win98\warning.h  .\directbeep.cpp
directbeep.cpp

Stop. 
Linking e:\work\vc\demis2k\directbeep directory ********************
'nmake.exe /c BUILDMSG=Stop. -i LINKONLY=1 NOPASS0=1 NTTEST= UMTEST= 386=1'
	link -out:bin\i386\free\DirectBeep.sys -machine:i386 @D:\Temp\nma01880.
Microsoft (R) Incremental Linker Version 5.12.8078
Copyright (C) Microsoft Corp 1992-1998. All rights reserved.

-MERGE:_PAGE=PAGE 
-MERGE:_TEXT=.text 
-SECTION:INIT,d 
-OPT:REF 
-INCREMENTAL:NO 
-FORCE:MULTIPLE 
-RELEASE 
-FULLBUILD 
-IGNORE:4001,4037,4039,4065,4070,4078,4087,4089,4096 
-NODEFAULTLIB 
-debug:notmapped,MINIMAL 
-debugtype:coff 
-version:4.00 
-osversion:4.00 
-PDB:NONE 
-MERGE:.rdata=.text 
-optidata 
-driver 
-align:0x20 
-subsystem:native,4.00 
-base:0x10000 
-entry:DriverEntry@8 
-out:bin\i386\free\DirectBeep.sys 
obj\i386\directbeep.obj 
d:\98ddk\lib\i386\free\wdm.lib 

Stop. 
